[debug] [2019-10-10T12:56:21.779Z] ----------------------------------------------------------------------
[debug] [2019-10-10T12:56:21.781Z] Command:       C:\Program Files\nodejs\node.exe C:\Users\USER\AppData\Roaming\npm\node_modules\firebase-tools\lib\bin\firebase.js serve
[debug] [2019-10-10T12:56:21.782Z] CLI Version:   7.3.2
[debug] [2019-10-10T12:56:21.782Z] Platform:      win32
[debug] [2019-10-10T12:56:21.782Z] Node Version:  v11.14.0
[debug] [2019-10-10T12:56:21.783Z] Time:          Thu Oct 10 2019 18:26:21 GMT+0530 (India Standard Time)
[debug] [2019-10-10T12:56:21.783Z] ----------------------------------------------------------------------
[debug] 
[debug] [2019-10-10T12:56:21.797Z] > command requires scopes: ["email","openid","https://www.googleapis.com/auth/cloudplatformprojects.readonly","https://www.googleapis.com/auth/firebase","https://www.googleapis.com/auth/cloud-platform"]
[debug] [2019-10-10T12:56:21.799Z] > authorizing via signed-in user
[debug] [2019-10-10T12:56:21.799Z] [iam] checking project movie-preview-2019 for permissions ["firebase.projects.get"]
[debug] [2019-10-10T12:56:21.801Z] >>> HTTP REQUEST POST https://cloudresourcemanager.googleapis.com/v1/projects/movie-preview-2019:testIamPermissions  

[debug] [2019-10-10T12:56:23.418Z] <<< HTTP RESPONSE 200
[debug] [2019-10-10T12:56:23.420Z] >>> HTTP REQUEST GET https://firebase.googleapis.com/v1beta1/projects/movie-preview-2019  
 
[debug] [2019-10-10T12:56:24.060Z] <<< HTTP RESPONSE 200
[info] 
[info] === Serving from 'C:\sachin\blog'...
[info] 
[debug] [2019-10-10T12:56:24.090Z] >>> HTTP REQUEST GET https://firebase.googleapis.com/v1beta1/projects/movie-preview-2019/webApps/-/config  
 
[warn] !  Your requested "node" version "8" doesn't match your global version "11"
[info] +  functions: Emulator started at http://localhost:5001
[debug] [2019-10-10T12:56:24.894Z] <<< HTTP RESPONSE 200
[info] i  functions: Watching "C:\sachin\blog\functions" for Cloud Functions...
[info] i  hosting[blog]: Serving hosting files from: dist
[info] +  hosting[blog]: Local server: http://localhost:5000
[debug] [2019-10-10T12:56:25.659Z] [runtime-status] Functions runtime initialized. {"cwd":"C:\\sachin\\blog\\functions","node_version":"11.14.0"}
[debug] [2019-10-10T12:56:25.659Z] [runtime-status] Disabled runtime features: {"functions_config_helper":true,"network_filtering":true,"timeout":true,"memory_limiting":true,"admin_stubs":true} {}
[debug] [2019-10-10T12:56:25.665Z] [runtime-status] Resolved module firebase-admin {"declared":true,"installed":true,"version":"8.6.0","resolution":"C:\\sachin\\blog\\functions\\node_modules\\firebase-admin\\lib\\index.js"}
[debug] [2019-10-10T12:56:25.667Z] [runtime-status] Resolved module firebase-functions {"declared":true,"installed":true,"version":"3.2.0","resolution":"C:\\sachin\\blog\\functions\\node_modules\\firebase-functions\\lib\\index.js"}
[debug] [2019-10-10T12:56:25.668Z] [runtime-status] Resolved module firebase-functions {"declared":true,"installed":true,"version":"3.2.0","resolution":"C:\\sachin\\blog\\functions\\node_modules\\firebase-functions\\lib\\index.js"}
[info] +  functions[angularUniversal]: http function initialized (http://localhost:5001/movie-preview-2019/us-central1/angularUniversal).
[info] [hosting] Rewriting / to http://localhost:5001/movie-preview-2019/us-central1/angularUniversal for local Function angularUniversal
[debug] [2019-10-10T12:56:54.118Z] Accepted request GET /movie-preview-2019/us-central1/angularUniversal/ --> angularUniversal
[debug] [2019-10-10T12:56:54.800Z] [runtime-status] Functions runtime initialized. {"cwd":"C:\\sachin\\blog\\functions","node_version":"11.14.0"}
[info] i  functions: Beginning execution of "angularUniversal"
[debug] [2019-10-10T12:56:54.801Z] [runtime-status] Disabled runtime features: {"functions_config_helper":true,"network_filtering":true,"timeout":true,"memory_limiting":true,"admin_stubs":true} {}
[debug] [2019-10-10T12:56:54.806Z] [runtime-status] Resolved module firebase-admin {"declared":true,"installed":true,"version":"8.6.0","resolution":"C:\\sachin\\blog\\functions\\node_modules\\firebase-admin\\lib\\index.js"}
[debug] [2019-10-10T12:56:54.809Z] [runtime-status] Resolved module firebase-functions {"declared":true,"installed":true,"version":"3.2.0","resolution":"C:\\sachin\\blog\\functions\\node_modules\\firebase-functions\\lib\\index.js"}
[debug] [2019-10-10T12:56:54.812Z] [runtime-status] Resolved module firebase-functions {"declared":true,"installed":true,"version":"3.2.0","resolution":"C:\\sachin\\blog\\functions\\node_modules\\firebase-functions\\lib\\index.js"}
[debug] [2019-10-10T12:56:56.332Z] [runtime-status] Trigger "angularUniversal" has been found, beginning invocation! {}
[debug] [2019-10-10T12:56:56.332Z] [runtime-status]  {"httpsTrigger":{},"name":"angularUniversal","entryPoint":"angularUniversal"}
[debug] [2019-10-10T12:56:56.333Z] [runtime-status] Running angularUniversal in mode HTTPS {}
[debug] [2019-10-10T12:56:56.344Z] {"socketPath":"\\\\?\\pipe\\C:\\sachin\\blog\\functions\\12636"}
[debug] [2019-10-10T12:56:56.348Z] [functions] Runtime ready! Sending request! {"socketPath":"\\\\?\\pipe\\C:\\sachin\\blog\\functions\\12636"}
[debug] [2019-10-10T12:56:56.357Z] [runtime-status] Ephemeral server used! {}
[debug] [2019-10-10T12:56:56.395Z] [runtime-status] Ephemeral server survived. {}
[info] >  Error retrieving icon: 
[info] >  Error retrieving icon: 
[info] >  Error retrieving icon: 
[info] >  Error retrieving icon: 
[info] >  Error retrieving icon: 
[info] >  Error retrieving icon: 
[info] >  Error retrieving icon: 
[info] >  Error retrieving icon: 
[info] >  Error retrieving icon: 
[info] >  Error retrieving icon: 
[info] >  Error retrieving icon: 
[info] >  Error retrieving icon: 
[info] >  Error retrieving icon: 
[info] >  Error retrieving icon: 
[info] >  Error retrieving icon: 
[info] >  Error retrieving icon: 
[info] >  Error retrieving icon: 
[info] >  Error retrieving icon: 
[info] >  Error retrieving icon: 
[info] >  Error retrieving icon: 
[info] >  Error retrieving icon: 
[info] >  Error retrieving icon: 
[info] >  Error retrieving icon: 
[info] >  Error retrieving icon: 
[info] >  Error retrieving icon: 
[info] >  Error retrieving icon: 
[info] >  Error retrieving icon: 
[info] >  Error retrieving icon: 
[info] >  Error retrieving icon: 
[info] >  Error retrieving icon: 
[info] >  Error retrieving icon: 
[info] >  Error retrieving icon: 
[info] >  Error retrieving icon: 
[info] >  Error retrieving icon: 
[info] >  Error retrieving icon: 
[info] >  Error retrieving icon: 
[info] >  Error retrieving icon: 
[info] >  Error retrieving icon: 
[info] >  Error retrieving icon: 
[info] i  functions: Finished "angularUniversal" in ~4s
[info] [hosting] Rewriting /styles.9224d3c5be1a07717dbc.css to http://localhost:5001/movie-preview-2019/us-central1/angularUniversal for local Function angularUniversal
[debug] [2019-10-10T12:57:01.868Z] Accepted request GET /movie-preview-2019/us-central1/angularUniversal/styles.9224d3c5be1a07717dbc.css --> angularUniversal
[info] [hosting] Rewriting /runtime-es2015.ae3a9f5896a56c46c76e.js to http://localhost:5001/movie-preview-2019/us-central1/angularUniversal for local Function angularUniversal
[debug] [2019-10-10T12:57:02.022Z] Accepted request GET /movie-preview-2019/us-central1/angularUniversal/runtime-es2015.ae3a9f5896a56c46c76e.js --> angularUniversal
[info] [hosting] Rewriting /polyfills-es2015.27661dfa98f6332c27dc.js to http://localhost:5001/movie-preview-2019/us-central1/angularUniversal for local Function angularUniversal
[debug] [2019-10-10T12:57:02.064Z] Accepted request GET /movie-preview-2019/us-central1/angularUniversal/polyfills-es2015.27661dfa98f6332c27dc.js --> angularUniversal
[debug] [2019-10-10T12:57:02.959Z] [runtime-status] Functions runtime initialized. {"cwd":"C:\\sachin\\blog\\functions","node_version":"11.14.0"}
[info] i  functions: Beginning execution of "angularUniversal"
[debug] [2019-10-10T12:57:02.961Z] [runtime-status] Disabled runtime features: {"functions_config_helper":true,"network_filtering":true,"timeout":true,"memory_limiting":true,"admin_stubs":true} {}
[debug] [2019-10-10T12:57:02.969Z] [runtime-status] Resolved module firebase-admin {"declared":true,"installed":true,"version":"8.6.0","resolution":"C:\\sachin\\blog\\functions\\node_modules\\firebase-admin\\lib\\index.js"}
[debug] [2019-10-10T12:57:02.972Z] [runtime-status] Resolved module firebase-functions {"declared":true,"installed":true,"version":"3.2.0","resolution":"C:\\sachin\\blog\\functions\\node_modules\\firebase-functions\\lib\\index.js"}
[debug] [2019-10-10T12:57:02.974Z] [runtime-status] Resolved module firebase-functions {"declared":true,"installed":true,"version":"3.2.0","resolution":"C:\\sachin\\blog\\functions\\node_modules\\firebase-functions\\lib\\index.js"}
[debug] [2019-10-10T12:57:03.067Z] [runtime-status] Functions runtime initialized. {"cwd":"C:\\sachin\\blog\\functions","node_version":"11.14.0"}
[info] i  functions: Beginning execution of "angularUniversal"
[debug] [2019-10-10T12:57:03.068Z] [runtime-status] Disabled runtime features: {"functions_config_helper":true,"network_filtering":true,"timeout":true,"memory_limiting":true,"admin_stubs":true} {}
[debug] [2019-10-10T12:57:03.076Z] [runtime-status] Resolved module firebase-admin {"declared":true,"installed":true,"version":"8.6.0","resolution":"C:\\sachin\\blog\\functions\\node_modules\\firebase-admin\\lib\\index.js"}
[debug] [2019-10-10T12:57:03.080Z] [runtime-status] Resolved module firebase-functions {"declared":true,"installed":true,"version":"3.2.0","resolution":"C:\\sachin\\blog\\functions\\node_modules\\firebase-functions\\lib\\index.js"}
[debug] [2019-10-10T12:57:03.082Z] [runtime-status] Resolved module firebase-functions {"declared":true,"installed":true,"version":"3.2.0","resolution":"C:\\sachin\\blog\\functions\\node_modules\\firebase-functions\\lib\\index.js"}
[debug] [2019-10-10T12:57:03.132Z] [runtime-status] Functions runtime initialized. {"cwd":"C:\\sachin\\blog\\functions","node_version":"11.14.0"}
[info] i  functions: Beginning execution of "angularUniversal"
[debug] [2019-10-10T12:57:03.133Z] [runtime-status] Disabled runtime features: {"functions_config_helper":true,"network_filtering":true,"timeout":true,"memory_limiting":true,"admin_stubs":true} {}
[debug] [2019-10-10T12:57:03.141Z] [runtime-status] Resolved module firebase-admin {"declared":true,"installed":true,"version":"8.6.0","resolution":"C:\\sachin\\blog\\functions\\node_modules\\firebase-admin\\lib\\index.js"}
[debug] [2019-10-10T12:57:03.145Z] [runtime-status] Resolved module firebase-functions {"declared":true,"installed":true,"version":"3.2.0","resolution":"C:\\sachin\\blog\\functions\\node_modules\\firebase-functions\\lib\\index.js"}
[debug] [2019-10-10T12:57:03.149Z] [runtime-status] Resolved module firebase-functions {"declared":true,"installed":true,"version":"3.2.0","resolution":"C:\\sachin\\blog\\functions\\node_modules\\firebase-functions\\lib\\index.js"}
[debug] [2019-10-10T12:57:05.946Z] [runtime-status] Trigger "angularUniversal" has been found, beginning invocation! {}
[debug] [2019-10-10T12:57:05.947Z] [runtime-status]  {"httpsTrigger":{},"name":"angularUniversal","entryPoint":"angularUniversal"}
[debug] [2019-10-10T12:57:05.947Z] [runtime-status] Running angularUniversal in mode HTTPS {}
[debug] [2019-10-10T12:57:05.969Z] {"socketPath":"\\\\?\\pipe\\C:\\sachin\\blog\\functions\\648"}
[debug] [2019-10-10T12:57:05.973Z] [functions] Runtime ready! Sending request! {"socketPath":"\\\\?\\pipe\\C:\\sachin\\blog\\functions\\648"}
[debug] [2019-10-10T12:57:05.988Z] [runtime-status] Ephemeral server used! {}
[debug] [2019-10-10T12:57:05.996Z] [runtime-status] Ephemeral server survived. {}
[info] i  functions: Finished "angularUniversal" in ~1s
[debug] [2019-10-10T12:57:06.063Z] [runtime-status] Trigger "angularUniversal" has been found, beginning invocation! {}
[debug] [2019-10-10T12:57:06.064Z] [runtime-status]  {"httpsTrigger":{},"name":"angularUniversal","entryPoint":"angularUniversal"}
[debug] [2019-10-10T12:57:06.064Z] [runtime-status] Running angularUniversal in mode HTTPS {}
[debug] [2019-10-10T12:57:06.089Z] {"socketPath":"\\\\?\\pipe\\C:\\sachin\\blog\\functions\\13772"}
[debug] [2019-10-10T12:57:06.098Z] [functions] Runtime ready! Sending request! {"socketPath":"\\\\?\\pipe\\C:\\sachin\\blog\\functions\\13772"}
[info] [hosting] Rewriting /scripts.76d41fbab69877b36452.js to http://localhost:5001/movie-preview-2019/us-central1/angularUniversal for local Function angularUniversal
[debug] [2019-10-10T12:57:06.112Z] Accepted request GET /movie-preview-2019/us-central1/angularUniversal/scripts.76d41fbab69877b36452.js --> angularUniversal
[debug] [2019-10-10T12:57:06.117Z] [runtime-status] Ephemeral server used! {}
[debug] [2019-10-10T12:57:06.121Z] [runtime-status] Ephemeral server survived. {}
[info] i  functions: Finished "angularUniversal" in ~1s
[debug] [2019-10-10T12:57:06.221Z] [runtime-status] Trigger "angularUniversal" has been found, beginning invocation! {}
[info] [hosting] Rewriting /main-es2015.c8b2dbe5a19ca886bddb.js to http://localhost:5001/movie-preview-2019/us-central1/angularUniversal for local Function angularUniversal
[debug] [2019-10-10T12:57:06.237Z] [runtime-status]  {"httpsTrigger":{},"name":"angularUniversal","entryPoint":"angularUniversal"}
[debug] [2019-10-10T12:57:06.238Z] [runtime-status] Running angularUniversal in mode HTTPS {}
[debug] [2019-10-10T12:57:06.240Z] Accepted request GET /movie-preview-2019/us-central1/angularUniversal/main-es2015.c8b2dbe5a19ca886bddb.js --> angularUniversal
[debug] [2019-10-10T12:57:06.265Z] {"socketPath":"\\\\?\\pipe\\C:\\sachin\\blog\\functions\\11276"}
[debug] [2019-10-10T12:57:06.268Z] [functions] Runtime ready! Sending request! {"socketPath":"\\\\?\\pipe\\C:\\sachin\\blog\\functions\\11276"}
[debug] [2019-10-10T12:57:06.294Z] [runtime-status] Ephemeral server used! {}
[debug] [2019-10-10T12:57:06.304Z] [runtime-status] Ephemeral server survived. {}
[info] i  functions: Finished "angularUniversal" in ~1s
[debug] [2019-10-10T12:57:07.117Z] [runtime-status] Functions runtime initialized. {"cwd":"C:\\sachin\\blog\\functions","node_version":"11.14.0"}
[info] i  functions: Beginning execution of "angularUniversal"
[debug] [2019-10-10T12:57:07.119Z] [runtime-status] Disabled runtime features: {"functions_config_helper":true,"network_filtering":true,"timeout":true,"memory_limiting":true,"admin_stubs":true} {}
[debug] [2019-10-10T12:57:07.127Z] [runtime-status] Resolved module firebase-admin {"declared":true,"installed":true,"version":"8.6.0","resolution":"C:\\sachin\\blog\\functions\\node_modules\\firebase-admin\\lib\\index.js"}
[debug] [2019-10-10T12:57:07.130Z] [runtime-status] Resolved module firebase-functions {"declared":true,"installed":true,"version":"3.2.0","resolution":"C:\\sachin\\blog\\functions\\node_modules\\firebase-functions\\lib\\index.js"}
[debug] [2019-10-10T12:57:07.132Z] [runtime-status] Resolved module firebase-functions {"declared":true,"installed":true,"version":"3.2.0","resolution":"C:\\sachin\\blog\\functions\\node_modules\\firebase-functions\\lib\\index.js"}
[debug] [2019-10-10T12:57:07.184Z] [runtime-status] Functions runtime initialized. {"cwd":"C:\\sachin\\blog\\functions","node_version":"11.14.0"}
[info] i  functions: Beginning execution of "angularUniversal"
[debug] [2019-10-10T12:57:07.186Z] [runtime-status] Disabled runtime features: {"functions_config_helper":true,"network_filtering":true,"timeout":true,"memory_limiting":true,"admin_stubs":true} {}
[debug] [2019-10-10T12:57:07.194Z] [runtime-status] Resolved module firebase-admin {"declared":true,"installed":true,"version":"8.6.0","resolution":"C:\\sachin\\blog\\functions\\node_modules\\firebase-admin\\lib\\index.js"}
[debug] [2019-10-10T12:57:07.198Z] [runtime-status] Resolved module firebase-functions {"declared":true,"installed":true,"version":"3.2.0","resolution":"C:\\sachin\\blog\\functions\\node_modules\\firebase-functions\\lib\\index.js"}
[debug] [2019-10-10T12:57:07.200Z] [runtime-status] Resolved module firebase-functions {"declared":true,"installed":true,"version":"3.2.0","resolution":"C:\\sachin\\blog\\functions\\node_modules\\firebase-functions\\lib\\index.js"}
[debug] [2019-10-10T12:57:08.974Z] [runtime-status] Trigger "angularUniversal" has been found, beginning invocation! {}
[debug] [2019-10-10T12:57:08.974Z] [runtime-status]  {"httpsTrigger":{},"name":"angularUniversal","entryPoint":"angularUniversal"}
[debug] [2019-10-10T12:57:08.975Z] [runtime-status] Running angularUniversal in mode HTTPS {}
[debug] [2019-10-10T12:57:08.988Z] {"socketPath":"\\\\?\\pipe\\C:\\sachin\\blog\\functions\\8392"}
[debug] [2019-10-10T12:57:08.990Z] [functions] Runtime ready! Sending request! {"socketPath":"\\\\?\\pipe\\C:\\sachin\\blog\\functions\\8392"}
[debug] [2019-10-10T12:57:09.000Z] [runtime-status] Ephemeral server used! {}
[debug] [2019-10-10T12:57:09.006Z] [runtime-status] Ephemeral server survived. {}
[info] i  functions: Finished "angularUniversal" in ~1s
[debug] [2019-10-10T12:57:09.042Z] [runtime-status] Trigger "angularUniversal" has been found, beginning invocation! {}
[debug] [2019-10-10T12:57:09.043Z] [runtime-status]  {"httpsTrigger":{},"name":"angularUniversal","entryPoint":"angularUniversal"}
[debug] [2019-10-10T12:57:09.043Z] [runtime-status] Running angularUniversal in mode HTTPS {}
[debug] [2019-10-10T12:57:09.060Z] {"socketPath":"\\\\?\\pipe\\C:\\sachin\\blog\\functions\\21292"}
[debug] [2019-10-10T12:57:09.065Z] [functions] Runtime ready! Sending request! {"socketPath":"\\\\?\\pipe\\C:\\sachin\\blog\\functions\\21292"}
[debug] [2019-10-10T12:57:09.081Z] [runtime-status] Ephemeral server used! {}
[debug] [2019-10-10T12:57:09.093Z] [runtime-status] Ephemeral server survived. {}
[info] i  functions: Finished "angularUniversal" in ~1s
[info] [hosting] Rewriting /assets/facebook.svg to http://localhost:5001/movie-preview-2019/us-central1/angularUniversal for local Function angularUniversal
[info] [hosting] Rewriting /assets/twitter.svg to http://localhost:5001/movie-preview-2019/us-central1/angularUniversal for local Function angularUniversal
[info] [hosting] Rewriting /assets/instagram.svg to http://localhost:5001/movie-preview-2019/us-central1/angularUniversal for local Function angularUniversal
[debug] [2019-10-10T12:57:09.665Z] Accepted request GET /movie-preview-2019/us-central1/angularUniversal/assets/facebook.svg --> angularUniversal
[debug] [2019-10-10T12:57:09.672Z] Accepted request GET /movie-preview-2019/us-central1/angularUniversal/assets/twitter.svg --> angularUniversal
[debug] [2019-10-10T12:57:09.679Z] Accepted request GET /movie-preview-2019/us-central1/angularUniversal/assets/instagram.svg --> angularUniversal
[debug] [2019-10-10T12:57:10.753Z] [runtime-status] Functions runtime initialized. {"cwd":"C:\\sachin\\blog\\functions","node_version":"11.14.0"}
[info] i  functions: Beginning execution of "angularUniversal"
[debug] [2019-10-10T12:57:10.754Z] [runtime-status] Disabled runtime features: {"functions_config_helper":true,"network_filtering":true,"timeout":true,"memory_limiting":true,"admin_stubs":true} {}
[debug] [2019-10-10T12:57:10.762Z] [runtime-status] Resolved module firebase-admin {"declared":true,"installed":true,"version":"8.6.0","resolution":"C:\\sachin\\blog\\functions\\node_modules\\firebase-admin\\lib\\index.js"}
[debug] [2019-10-10T12:57:10.765Z] [runtime-status] Resolved module firebase-functions {"declared":true,"installed":true,"version":"3.2.0","resolution":"C:\\sachin\\blog\\functions\\node_modules\\firebase-functions\\lib\\index.js"}
[debug] [2019-10-10T12:57:10.767Z] [runtime-status] Resolved module firebase-functions {"declared":true,"installed":true,"version":"3.2.0","resolution":"C:\\sachin\\blog\\functions\\node_modules\\firebase-functions\\lib\\index.js"}
[debug] [2019-10-10T12:57:10.788Z] [runtime-status] Functions runtime initialized. {"cwd":"C:\\sachin\\blog\\functions","node_version":"11.14.0"}
[info] i  functions: Beginning execution of "angularUniversal"
[debug] [2019-10-10T12:57:10.789Z] [runtime-status] Disabled runtime features: {"functions_config_helper":true,"network_filtering":true,"timeout":true,"memory_limiting":true,"admin_stubs":true} {}
[debug] [2019-10-10T12:57:10.798Z] [runtime-status] Functions runtime initialized. {"cwd":"C:\\sachin\\blog\\functions","node_version":"11.14.0"}
[debug] [2019-10-10T12:57:10.798Z] [runtime-status] Resolved module firebase-admin {"declared":true,"installed":true,"version":"8.6.0","resolution":"C:\\sachin\\blog\\functions\\node_modules\\firebase-admin\\lib\\index.js"}
[info] i  functions: Beginning execution of "angularUniversal"
[debug] [2019-10-10T12:57:10.833Z] [runtime-status] Resolved module firebase-functions {"declared":true,"installed":true,"version":"3.2.0","resolution":"C:\\sachin\\blog\\functions\\node_modules\\firebase-functions\\lib\\index.js"}
[debug] [2019-10-10T12:57:10.834Z] [runtime-status] Resolved module firebase-functions {"declared":true,"installed":true,"version":"3.2.0","resolution":"C:\\sachin\\blog\\functions\\node_modules\\firebase-functions\\lib\\index.js"}
[debug] [2019-10-10T12:57:10.834Z] [runtime-status] Disabled runtime features: {"functions_config_helper":true,"network_filtering":true,"timeout":true,"memory_limiting":true,"admin_stubs":true} {}
[debug] [2019-10-10T12:57:10.834Z] [runtime-status] Resolved module firebase-admin {"declared":true,"installed":true,"version":"8.6.0","resolution":"C:\\sachin\\blog\\functions\\node_modules\\firebase-admin\\lib\\index.js"}
[debug] [2019-10-10T12:57:10.834Z] [runtime-status] Resolved module firebase-functions {"declared":true,"installed":true,"version":"3.2.0","resolution":"C:\\sachin\\blog\\functions\\node_modules\\firebase-functions\\lib\\index.js"}
[debug] [2019-10-10T12:57:10.835Z] [runtime-status] Resolved module firebase-functions {"declared":true,"installed":true,"version":"3.2.0","resolution":"C:\\sachin\\blog\\functions\\node_modules\\firebase-functions\\lib\\index.js"}
[debug] [2019-10-10T12:57:13.001Z] [runtime-status] Trigger "angularUniversal" has been found, beginning invocation! {}
[debug] [2019-10-10T12:57:13.001Z] [runtime-status]  {"httpsTrigger":{},"name":"angularUniversal","entryPoint":"angularUniversal"}
[debug] [2019-10-10T12:57:13.001Z] [runtime-status] Running angularUniversal in mode HTTPS {}
[debug] [2019-10-10T12:57:13.015Z] {"socketPath":"\\\\?\\pipe\\C:\\sachin\\blog\\functions\\6564"}
[debug] [2019-10-10T12:57:13.017Z] [functions] Runtime ready! Sending request! {"socketPath":"\\\\?\\pipe\\C:\\sachin\\blog\\functions\\6564"}
[debug] [2019-10-10T12:57:13.028Z] [runtime-status] Ephemeral server used! {}
[debug] [2019-10-10T12:57:13.033Z] [runtime-status] Ephemeral server survived. {}
[info] i  functions: Finished "angularUniversal" in ~1s
[debug] [2019-10-10T12:57:13.076Z] [runtime-status] Trigger "angularUniversal" has been found, beginning invocation! {}
[debug] [2019-10-10T12:57:13.078Z] [runtime-status]  {"httpsTrigger":{},"name":"angularUniversal","entryPoint":"angularUniversal"}
[debug] [2019-10-10T12:57:13.079Z] [runtime-status] Running angularUniversal in mode HTTPS {}
[debug] [2019-10-10T12:57:13.079Z] [runtime-status] Trigger "angularUniversal" has been found, beginning invocation! {}
[debug] [2019-10-10T12:57:13.079Z] [runtime-status]  {"httpsTrigger":{},"name":"angularUniversal","entryPoint":"angularUniversal"}
[debug] [2019-10-10T12:57:13.079Z] [runtime-status] Running angularUniversal in mode HTTPS {}
[debug] [2019-10-10T12:57:13.085Z] {"socketPath":"\\\\?\\pipe\\C:\\sachin\\blog\\functions\\17368"}
[debug] [2019-10-10T12:57:13.090Z] [functions] Runtime ready! Sending request! {"socketPath":"\\\\?\\pipe\\C:\\sachin\\blog\\functions\\17368"}
[debug] [2019-10-10T12:57:13.093Z] {"socketPath":"\\\\?\\pipe\\C:\\sachin\\blog\\functions\\20624"}
[debug] [2019-10-10T12:57:13.097Z] [functions] Runtime ready! Sending request! {"socketPath":"\\\\?\\pipe\\C:\\sachin\\blog\\functions\\20624"}
[debug] [2019-10-10T12:57:13.105Z] [runtime-status] Ephemeral server used! {}
[debug] [2019-10-10T12:57:13.111Z] [runtime-status] Ephemeral server used! {}
[debug] [2019-10-10T12:57:13.113Z] [runtime-status] Ephemeral server survived. {}
[debug] [2019-10-10T12:57:13.121Z] [runtime-status] Ephemeral server survived. {}
[info] i  functions: Finished "angularUniversal" in ~1s
[info] i  functions: Finished "angularUniversal" in ~1s
[info] [hosting] Rewriting / to http://localhost:5001/movie-preview-2019/us-central1/angularUniversal for local Function angularUniversal
[debug] [2019-10-10T13:20:04.239Z] Accepted request GET /movie-preview-2019/us-central1/angularUniversal/ --> angularUniversal
[debug] [2019-10-10T13:20:04.983Z] [runtime-status] Functions runtime initialized. {"cwd":"C:\\sachin\\blog\\functions","node_version":"11.14.0"}
[info] i  functions: Beginning execution of "angularUniversal"
[debug] [2019-10-10T13:20:04.984Z] [runtime-status] Disabled runtime features: {"functions_config_helper":true,"network_filtering":true,"timeout":true,"memory_limiting":true,"admin_stubs":true} {}
[debug] [2019-10-10T13:20:04.994Z] [runtime-status] Resolved module firebase-admin {"declared":true,"installed":true,"version":"8.6.0","resolution":"C:\\sachin\\blog\\functions\\node_modules\\firebase-admin\\lib\\index.js"}
[debug] [2019-10-10T13:20:04.996Z] [runtime-status] Resolved module firebase-functions {"declared":true,"installed":true,"version":"3.2.0","resolution":"C:\\sachin\\blog\\functions\\node_modules\\firebase-functions\\lib\\index.js"}
[debug] [2019-10-10T13:20:04.997Z] [runtime-status] Resolved module firebase-functions {"declared":true,"installed":true,"version":"3.2.0","resolution":"C:\\sachin\\blog\\functions\\node_modules\\firebase-functions\\lib\\index.js"}
[debug] [2019-10-10T13:20:06.637Z] [runtime-status] Trigger "angularUniversal" has been found, beginning invocation! {}
[debug] [2019-10-10T13:20:06.637Z] [runtime-status]  {"httpsTrigger":{},"name":"angularUniversal","entryPoint":"angularUniversal"}
[debug] [2019-10-10T13:20:06.639Z] [runtime-status] Running angularUniversal in mode HTTPS {}
[debug] [2019-10-10T13:20:06.649Z] {"socketPath":"\\\\?\\pipe\\C:\\sachin\\blog\\functions\\15012"}
[debug] [2019-10-10T13:20:06.654Z] [functions] Runtime ready! Sending request! {"socketPath":"\\\\?\\pipe\\C:\\sachin\\blog\\functions\\15012"}
[debug] [2019-10-10T13:20:06.667Z] [runtime-status] Ephemeral server used! {}
[debug] [2019-10-10T13:20:06.721Z] [runtime-status] Ephemeral server survived. {}
[info] >  Error retrieving icon: 
[info] >  Error retrieving icon: 
[info] >  Error retrieving icon: 
[info] >  Error retrieving icon: 
[info] >  Error retrieving icon: 
[info] >  Error retrieving icon: 
[info] >  Error retrieving icon: 
[info] >  Error retrieving icon: 
[info] >  Error retrieving icon: 
[info] >  Error retrieving icon: 
[info] >  Error retrieving icon: 
[info] >  Error retrieving icon: 
[info] >  Error retrieving icon: 
[info] >  Error retrieving icon: 
[info] >  Error retrieving icon: 
[info] >  Error retrieving icon: 
[info] >  Error retrieving icon: 
[info] >  Error retrieving icon: 
[info] >  Error retrieving icon: 
[info] >  Error retrieving icon: 
[info] >  Error retrieving icon: 
[info] >  Error retrieving icon: 
[info] >  Error retrieving icon: 
[info] >  Error retrieving icon: 
[info] >  Error retrieving icon: 
[info] >  Error retrieving icon: 
[info] >  Error retrieving icon: 
[info] >  Error retrieving icon: 
[info] >  Error retrieving icon: 
[info] >  Error retrieving icon: 
[info] >  Error retrieving icon: 
[info] >  Error retrieving icon: 
[info] >  Error retrieving icon: 
[info] >  Error retrieving icon: 
[info] >  Error retrieving icon: 
[info] >  Error retrieving icon: 
[info] >  Error retrieving icon: 
[info] >  Error retrieving icon: 
[info] >  Error retrieving icon: 
[info] [hosting] Rewriting /styles.9224d3c5be1a07717dbc.css to http://localhost:5001/movie-preview-2019/us-central1/angularUniversal for local Function angularUniversal
[debug] [2019-10-10T13:20:12.928Z] Accepted request GET /movie-preview-2019/us-central1/angularUniversal/styles.9224d3c5be1a07717dbc.css --> angularUniversal
[info] i  functions: Finished "angularUniversal" in ~6s
[info] [hosting] Rewriting /runtime-es2015.ae3a9f5896a56c46c76e.js to http://localhost:5001/movie-preview-2019/us-central1/angularUniversal for local Function angularUniversal
[info] [hosting] Rewriting /polyfills-es2015.27661dfa98f6332c27dc.js to http://localhost:5001/movie-preview-2019/us-central1/angularUniversal for local Function angularUniversal
[debug] [2019-10-10T13:20:13.908Z] Accepted request GET /movie-preview-2019/us-central1/angularUniversal/runtime-es2015.ae3a9f5896a56c46c76e.js --> angularUniversal
[debug] [2019-10-10T13:20:13.924Z] Accepted request GET /movie-preview-2019/us-central1/angularUniversal/polyfills-es2015.27661dfa98f6332c27dc.js --> angularUniversal
[info] [hosting] Rewriting /scripts.76d41fbab69877b36452.js to http://localhost:5001/movie-preview-2019/us-central1/angularUniversal for local Function angularUniversal
[info] [hosting] Rewriting /main-es2015.c8b2dbe5a19ca886bddb.js to http://localhost:5001/movie-preview-2019/us-central1/angularUniversal for local Function angularUniversal
[debug] [2019-10-10T13:20:14.213Z] Accepted request GET /movie-preview-2019/us-central1/angularUniversal/scripts.76d41fbab69877b36452.js --> angularUniversal
[debug] [2019-10-10T13:20:14.219Z] Accepted request GET /movie-preview-2019/us-central1/angularUniversal/main-es2015.c8b2dbe5a19ca886bddb.js --> angularUniversal
[debug] [2019-10-10T13:20:15.685Z] [runtime-status] Functions runtime initialized. {"cwd":"C:\\sachin\\blog\\functions","node_version":"11.14.0"}
[info] i  functions: Beginning execution of "angularUniversal"
[debug] [2019-10-10T13:20:15.692Z] [runtime-status] Disabled runtime features: {"functions_config_helper":true,"network_filtering":true,"timeout":true,"memory_limiting":true,"admin_stubs":true} {}
[debug] [2019-10-10T13:20:15.698Z] [runtime-status] Resolved module firebase-admin {"declared":true,"installed":true,"version":"8.6.0","resolution":"C:\\sachin\\blog\\functions\\node_modules\\firebase-admin\\lib\\index.js"}
[debug] [2019-10-10T13:20:15.703Z] [runtime-status] Resolved module firebase-functions {"declared":true,"installed":true,"version":"3.2.0","resolution":"C:\\sachin\\blog\\functions\\node_modules\\firebase-functions\\lib\\index.js"}
[debug] [2019-10-10T13:20:15.705Z] [runtime-status] Resolved module firebase-functions {"declared":true,"installed":true,"version":"3.2.0","resolution":"C:\\sachin\\blog\\functions\\node_modules\\firebase-functions\\lib\\index.js"}
[debug] [2019-10-10T13:20:16.501Z] [runtime-status] Functions runtime initialized. {"cwd":"C:\\sachin\\blog\\functions","node_version":"11.14.0"}
[info] i  functions: Beginning execution of "angularUniversal"
[debug] [2019-10-10T13:20:16.507Z] [runtime-status] Disabled runtime features: {"functions_config_helper":true,"network_filtering":true,"timeout":true,"memory_limiting":true,"admin_stubs":true} {}
[debug] [2019-10-10T13:20:16.511Z] [runtime-status] Resolved module firebase-admin {"declared":true,"installed":true,"version":"8.6.0","resolution":"C:\\sachin\\blog\\functions\\node_modules\\firebase-admin\\lib\\index.js"}
[debug] [2019-10-10T13:20:16.515Z] [runtime-status] Resolved module firebase-functions {"declared":true,"installed":true,"version":"3.2.0","resolution":"C:\\sachin\\blog\\functions\\node_modules\\firebase-functions\\lib\\index.js"}
[debug] [2019-10-10T13:20:16.518Z] [runtime-status] Resolved module firebase-functions {"declared":true,"installed":true,"version":"3.2.0","resolution":"C:\\sachin\\blog\\functions\\node_modules\\firebase-functions\\lib\\index.js"}
[debug] [2019-10-10T13:20:16.582Z] [runtime-status] Functions runtime initialized. {"cwd":"C:\\sachin\\blog\\functions","node_version":"11.14.0"}
[info] i  functions: Beginning execution of "angularUniversal"
[debug] [2019-10-10T13:20:16.584Z] [runtime-status] Disabled runtime features: {"functions_config_helper":true,"network_filtering":true,"timeout":true,"memory_limiting":true,"admin_stubs":true} {}
[debug] [2019-10-10T13:20:16.591Z] [runtime-status] Resolved module firebase-admin {"declared":true,"installed":true,"version":"8.6.0","resolution":"C:\\sachin\\blog\\functions\\node_modules\\firebase-admin\\lib\\index.js"}
[debug] [2019-10-10T13:20:16.595Z] [runtime-status] Resolved module firebase-functions {"declared":true,"installed":true,"version":"3.2.0","resolution":"C:\\sachin\\blog\\functions\\node_modules\\firebase-functions\\lib\\index.js"}
[debug] [2019-10-10T13:20:16.596Z] [runtime-status] Resolved module firebase-functions {"declared":true,"installed":true,"version":"3.2.0","resolution":"C:\\sachin\\blog\\functions\\node_modules\\firebase-functions\\lib\\index.js"}
[debug] [2019-10-10T13:20:16.603Z] [runtime-status] Functions runtime initialized. {"cwd":"C:\\sachin\\blog\\functions","node_version":"11.14.0"}
[info] i  functions: Beginning execution of "angularUniversal"
[debug] [2019-10-10T13:20:16.621Z] [runtime-status] Disabled runtime features: {"functions_config_helper":true,"network_filtering":true,"timeout":true,"memory_limiting":true,"admin_stubs":true} {}
[debug] [2019-10-10T13:20:16.621Z] [runtime-status] Resolved module firebase-admin {"declared":true,"installed":true,"version":"8.6.0","resolution":"C:\\sachin\\blog\\functions\\node_modules\\firebase-admin\\lib\\index.js"}
[debug] [2019-10-10T13:20:16.621Z] [runtime-status] Resolved module firebase-functions {"declared":true,"installed":true,"version":"3.2.0","resolution":"C:\\sachin\\blog\\functions\\node_modules\\firebase-functions\\lib\\index.js"}
[debug] [2019-10-10T13:20:16.622Z] [runtime-status] Resolved module firebase-functions {"declared":true,"installed":true,"version":"3.2.0","resolution":"C:\\sachin\\blog\\functions\\node_modules\\firebase-functions\\lib\\index.js"}
[debug] [2019-10-10T13:20:16.661Z] [runtime-status] Functions runtime initialized. {"cwd":"C:\\sachin\\blog\\functions","node_version":"11.14.0"}
[info] i  functions: Beginning execution of "angularUniversal"
[debug] [2019-10-10T13:20:16.681Z] [runtime-status] Disabled runtime features: {"functions_config_helper":true,"network_filtering":true,"timeout":true,"memory_limiting":true,"admin_stubs":true} {}
[debug] [2019-10-10T13:20:16.681Z] [runtime-status] Resolved module firebase-admin {"declared":true,"installed":true,"version":"8.6.0","resolution":"C:\\sachin\\blog\\functions\\node_modules\\firebase-admin\\lib\\index.js"}
[debug] [2019-10-10T13:20:16.682Z] [runtime-status] Resolved module firebase-functions {"declared":true,"installed":true,"version":"3.2.0","resolution":"C:\\sachin\\blog\\functions\\node_modules\\firebase-functions\\lib\\index.js"}
[debug] [2019-10-10T13:20:16.682Z] [runtime-status] Resolved module firebase-functions {"declared":true,"installed":true,"version":"3.2.0","resolution":"C:\\sachin\\blog\\functions\\node_modules\\firebase-functions\\lib\\index.js"}
[debug] [2019-10-10T13:20:19.631Z] [runtime-status] Trigger "angularUniversal" has been found, beginning invocation! {}
[debug] [2019-10-10T13:20:19.631Z] [runtime-status]  {"httpsTrigger":{},"name":"angularUniversal","entryPoint":"angularUniversal"}
[debug] [2019-10-10T13:20:19.631Z] [runtime-status] Running angularUniversal in mode HTTPS {}
[debug] [2019-10-10T13:20:19.653Z] {"socketPath":"\\\\?\\pipe\\C:\\sachin\\blog\\functions\\17788"}
[debug] [2019-10-10T13:20:19.655Z] [functions] Runtime ready! Sending request! {"socketPath":"\\\\?\\pipe\\C:\\sachin\\blog\\functions\\17788"}
[debug] [2019-10-10T13:20:19.670Z] [runtime-status] Ephemeral server used! {}
[debug] [2019-10-10T13:20:19.733Z] [runtime-status] Ephemeral server survived. {}
[info] i  functions: Finished "angularUniversal" in ~1s
[debug] [2019-10-10T13:20:20.335Z] [runtime-status] Trigger "angularUniversal" has been found, beginning invocation! {}
[debug] [2019-10-10T13:20:20.335Z] [runtime-status]  {"httpsTrigger":{},"name":"angularUniversal","entryPoint":"angularUniversal"}
[debug] [2019-10-10T13:20:20.336Z] [runtime-status] Running angularUniversal in mode HTTPS {}
[debug] [2019-10-10T13:20:20.380Z] {"socketPath":"\\\\?\\pipe\\C:\\sachin\\blog\\functions\\11404"}
[debug] [2019-10-10T13:20:20.383Z] [functions] Runtime ready! Sending request! {"socketPath":"\\\\?\\pipe\\C:\\sachin\\blog\\functions\\11404"}
[debug] [2019-10-10T13:20:20.405Z] [runtime-status] Ephemeral server used! {}
[debug] [2019-10-10T13:20:20.417Z] [runtime-status] Trigger "angularUniversal" has been found, beginning invocation! {}
[debug] [2019-10-10T13:20:20.418Z] [runtime-status]  {"httpsTrigger":{},"name":"angularUniversal","entryPoint":"angularUniversal"}
[debug] [2019-10-10T13:20:20.418Z] [runtime-status] Running angularUniversal in mode HTTPS {}
[debug] [2019-10-10T13:20:20.452Z] [runtime-status] Ephemeral server survived. {}
[debug] [2019-10-10T13:20:20.454Z] [runtime-status] Trigger "angularUniversal" has been found, beginning invocation! {}
[debug] [2019-10-10T13:20:20.456Z] [runtime-status]  {"httpsTrigger":{},"name":"angularUniversal","entryPoint":"angularUniversal"}
[debug] [2019-10-10T13:20:20.456Z] [runtime-status] Running angularUniversal in mode HTTPS {}
[debug] [2019-10-10T13:20:20.473Z] {"socketPath":"\\\\?\\pipe\\C:\\sachin\\blog\\functions\\19776"}
[debug] [2019-10-10T13:20:20.479Z] [functions] Runtime ready! Sending request! {"socketPath":"\\\\?\\pipe\\C:\\sachin\\blog\\functions\\19776"}
[debug] [2019-10-10T13:20:20.497Z] [runtime-status] Ephemeral server used! {}
[info] i  functions: Finished "angularUniversal" in ~1s
[debug] [2019-10-10T13:20:20.643Z] {"socketPath":"\\\\?\\pipe\\C:\\sachin\\blog\\functions\\2676"}
[debug] [2019-10-10T13:20:20.689Z] [functions] Runtime ready! Sending request! {"socketPath":"\\\\?\\pipe\\C:\\sachin\\blog\\functions\\2676"}
[debug] [2019-10-10T13:20:20.692Z] [runtime-status] Ephemeral server survived. {}
[debug] [2019-10-10T13:20:20.752Z] [runtime-status] Ephemeral server used! {}
[debug] [2019-10-10T13:20:20.752Z] [runtime-status] Ephemeral server survived. {}
[info] i  functions: Finished "angularUniversal" in ~1s
[info] i  functions: Finished "angularUniversal" in ~1s
[debug] [2019-10-10T13:20:20.960Z] [runtime-status] Trigger "angularUniversal" has been found, beginning invocation! {}
[debug] [2019-10-10T13:20:20.961Z] [runtime-status]  {"httpsTrigger":{},"name":"angularUniversal","entryPoint":"angularUniversal"}
[debug] [2019-10-10T13:20:20.961Z] [runtime-status] Running angularUniversal in mode HTTPS {}
[debug] [2019-10-10T13:20:20.986Z] {"socketPath":"\\\\?\\pipe\\C:\\sachin\\blog\\functions\\18288"}
[debug] [2019-10-10T13:20:20.989Z] [functions] Runtime ready! Sending request! {"socketPath":"\\\\?\\pipe\\C:\\sachin\\blog\\functions\\18288"}
[debug] [2019-10-10T13:20:21.005Z] [runtime-status] Ephemeral server used! {}
[debug] [2019-10-10T13:20:21.019Z] [runtime-status] Ephemeral server survived. {}
[info] [hosting] Rewriting /assets/facebook.svg to http://localhost:5001/movie-preview-2019/us-central1/angularUniversal for local Function angularUniversal
[info] [hosting] Rewriting /assets/twitter.svg to http://localhost:5001/movie-preview-2019/us-central1/angularUniversal for local Function angularUniversal
[debug] [2019-10-10T13:20:22.437Z] Accepted request GET /movie-preview-2019/us-central1/angularUniversal/assets/facebook.svg --> angularUniversal
[info] [hosting] Rewriting /assets/instagram.svg to http://localhost:5001/movie-preview-2019/us-central1/angularUniversal for local Function angularUniversal
[debug] [2019-10-10T13:20:22.447Z] Accepted request GET /movie-preview-2019/us-central1/angularUniversal/assets/twitter.svg --> angularUniversal
[debug] [2019-10-10T13:20:22.454Z] Accepted request GET /movie-preview-2019/us-central1/angularUniversal/assets/instagram.svg --> angularUniversal
[debug] [2019-10-10T13:20:23.545Z] [runtime-status] Functions runtime initialized. {"cwd":"C:\\sachin\\blog\\functions","node_version":"11.14.0"}
[info] i  functions: Beginning execution of "angularUniversal"
[debug] [2019-10-10T13:20:23.561Z] [runtime-status] Functions runtime initialized. {"cwd":"C:\\sachin\\blog\\functions","node_version":"11.14.0"}
[info] i  functions: Beginning execution of "angularUniversal"
[debug] [2019-10-10T13:20:23.562Z] [runtime-status] Disabled runtime features: {"functions_config_helper":true,"network_filtering":true,"timeout":true,"memory_limiting":true,"admin_stubs":true} {}
[debug] [2019-10-10T13:20:23.562Z] [runtime-status] Disabled runtime features: {"functions_config_helper":true,"network_filtering":true,"timeout":true,"memory_limiting":true,"admin_stubs":true} {}
[debug] [2019-10-10T13:20:23.563Z] [runtime-status] Resolved module firebase-admin {"declared":true,"installed":true,"version":"8.6.0","resolution":"C:\\sachin\\blog\\functions\\node_modules\\firebase-admin\\lib\\index.js"}
[debug] [2019-10-10T13:20:23.563Z] [runtime-status] Resolved module firebase-functions {"declared":true,"installed":true,"version":"3.2.0","resolution":"C:\\sachin\\blog\\functions\\node_modules\\firebase-functions\\lib\\index.js"}
[debug] [2019-10-10T13:20:23.563Z] [runtime-status] Resolved module firebase-functions {"declared":true,"installed":true,"version":"3.2.0","resolution":"C:\\sachin\\blog\\functions\\node_modules\\firebase-functions\\lib\\index.js"}
[debug] [2019-10-10T13:20:23.566Z] [runtime-status] Resolved module firebase-admin {"declared":true,"installed":true,"version":"8.6.0","resolution":"C:\\sachin\\blog\\functions\\node_modules\\firebase-admin\\lib\\index.js"}
[debug] [2019-10-10T13:20:23.580Z] [runtime-status] Resolved module firebase-functions {"declared":true,"installed":true,"version":"3.2.0","resolution":"C:\\sachin\\blog\\functions\\node_modules\\firebase-functions\\lib\\index.js"}
[debug] [2019-10-10T13:20:23.582Z] [runtime-status] Resolved module firebase-functions {"declared":true,"installed":true,"version":"3.2.0","resolution":"C:\\sachin\\blog\\functions\\node_modules\\firebase-functions\\lib\\index.js"}
[debug] [2019-10-10T13:20:23.657Z] [runtime-status] Functions runtime initialized. {"cwd":"C:\\sachin\\blog\\functions","node_version":"11.14.0"}
[info] i  functions: Beginning execution of "angularUniversal"
[debug] [2019-10-10T13:20:23.659Z] [runtime-status] Disabled runtime features: {"functions_config_helper":true,"network_filtering":true,"timeout":true,"memory_limiting":true,"admin_stubs":true} {}
[debug] [2019-10-10T13:20:23.672Z] [runtime-status] Resolved module firebase-admin {"declared":true,"installed":true,"version":"8.6.0","resolution":"C:\\sachin\\blog\\functions\\node_modules\\firebase-admin\\lib\\index.js"}
[debug] [2019-10-10T13:20:23.676Z] [runtime-status] Resolved module firebase-functions {"declared":true,"installed":true,"version":"3.2.0","resolution":"C:\\sachin\\blog\\functions\\node_modules\\firebase-functions\\lib\\index.js"}
[debug] [2019-10-10T13:20:23.678Z] [runtime-status] Resolved module firebase-functions {"declared":true,"installed":true,"version":"3.2.0","resolution":"C:\\sachin\\blog\\functions\\node_modules\\firebase-functions\\lib\\index.js"}
[debug] [2019-10-10T13:20:25.782Z] [runtime-status] Trigger "angularUniversal" has been found, beginning invocation! {}
[debug] [2019-10-10T13:20:25.782Z] [runtime-status]  {"httpsTrigger":{},"name":"angularUniversal","entryPoint":"angularUniversal"}
[debug] [2019-10-10T13:20:25.782Z] [runtime-status] Running angularUniversal in mode HTTPS {}
[debug] [2019-10-10T13:20:25.798Z] {"socketPath":"\\\\?\\pipe\\C:\\sachin\\blog\\functions\\16152"}
[debug] [2019-10-10T13:20:25.800Z] [functions] Runtime ready! Sending request! {"socketPath":"\\\\?\\pipe\\C:\\sachin\\blog\\functions\\16152"}
[debug] [2019-10-10T13:20:25.811Z] [runtime-status] Ephemeral server used! {}
[debug] [2019-10-10T13:20:25.817Z] [runtime-status] Ephemeral server survived. {}
[info] i  functions: Finished "angularUniversal" in ~1s
[debug] [2019-10-10T13:20:25.896Z] [runtime-status] Trigger "angularUniversal" has been found, beginning invocation! {}
[debug] [2019-10-10T13:20:25.897Z] [runtime-status]  {"httpsTrigger":{},"name":"angularUniversal","entryPoint":"angularUniversal"}
[debug] [2019-10-10T13:20:25.897Z] [runtime-status] Running angularUniversal in mode HTTPS {}
[debug] [2019-10-10T13:20:25.926Z] {"socketPath":"\\\\?\\pipe\\C:\\sachin\\blog\\functions\\9492"}
[debug] [2019-10-10T13:20:25.930Z] [functions] Runtime ready! Sending request! {"socketPath":"\\\\?\\pipe\\C:\\sachin\\blog\\functions\\9492"}
[debug] [2019-10-10T13:20:25.942Z] [runtime-status] Ephemeral server used! {}
[debug] [2019-10-10T13:20:25.949Z] [runtime-status] Ephemeral server survived. {}
[debug] [2019-10-10T13:20:25.949Z] [runtime-status] Trigger "angularUniversal" has been found, beginning invocation! {}
[debug] [2019-10-10T13:20:25.949Z] [runtime-status]  {"httpsTrigger":{},"name":"angularUniversal","entryPoint":"angularUniversal"}
[debug] [2019-10-10T13:20:25.949Z] [runtime-status] Running angularUniversal in mode HTTPS {}
[debug] [2019-10-10T13:20:25.969Z] {"socketPath":"\\\\?\\pipe\\C:\\sachin\\blog\\functions\\4980"}
[debug] [2019-10-10T13:20:25.971Z] [functions] Runtime ready! Sending request! {"socketPath":"\\\\?\\pipe\\C:\\sachin\\blog\\functions\\4980"}
[info] i  functions: Finished "angularUniversal" in ~1s
[debug] [2019-10-10T13:20:25.990Z] [runtime-status] Ephemeral server used! {}
[debug] [2019-10-10T13:20:26.002Z] [runtime-status] Ephemeral server survived. {}
[info] i  functions: Finished "angularUniversal" in ~1s
[info] [hosting] Rewriting /assets/profile.svg to http://localhost:5001/movie-preview-2019/us-central1/angularUniversal for local Function angularUniversal
[debug] [2019-10-10T13:20:37.522Z] Accepted request GET /movie-preview-2019/us-central1/angularUniversal/assets/profile.svg --> angularUniversal
[debug] [2019-10-10T13:20:38.451Z] [runtime-status] Functions runtime initialized. {"cwd":"C:\\sachin\\blog\\functions","node_version":"11.14.0"}
[info] i  functions: Beginning execution of "angularUniversal"
[debug] [2019-10-10T13:20:38.452Z] [runtime-status] Disabled runtime features: {"functions_config_helper":true,"network_filtering":true,"timeout":true,"memory_limiting":true,"admin_stubs":true} {}
[debug] [2019-10-10T13:20:38.459Z] [runtime-status] Resolved module firebase-admin {"declared":true,"installed":true,"version":"8.6.0","resolution":"C:\\sachin\\blog\\functions\\node_modules\\firebase-admin\\lib\\index.js"}
[debug] [2019-10-10T13:20:38.464Z] [runtime-status] Resolved module firebase-functions {"declared":true,"installed":true,"version":"3.2.0","resolution":"C:\\sachin\\blog\\functions\\node_modules\\firebase-functions\\lib\\index.js"}
[debug] [2019-10-10T13:20:38.466Z] [runtime-status] Resolved module firebase-functions {"declared":true,"installed":true,"version":"3.2.0","resolution":"C:\\sachin\\blog\\functions\\node_modules\\firebase-functions\\lib\\index.js"}
[debug] [2019-10-10T13:20:40.227Z] [runtime-status] Trigger "angularUniversal" has been found, beginning invocation! {}
[debug] [2019-10-10T13:20:40.227Z] [runtime-status]  {"httpsTrigger":{},"name":"angularUniversal","entryPoint":"angularUniversal"}
[debug] [2019-10-10T13:20:40.227Z] [runtime-status] Running angularUniversal in mode HTTPS {}
[debug] [2019-10-10T13:20:40.240Z] {"socketPath":"\\\\?\\pipe\\C:\\sachin\\blog\\functions\\15864"}
[debug] [2019-10-10T13:20:40.242Z] [functions] Runtime ready! Sending request! {"socketPath":"\\\\?\\pipe\\C:\\sachin\\blog\\functions\\15864"}
[debug] [2019-10-10T13:20:40.251Z] [runtime-status] Ephemeral server used! {}
[debug] [2019-10-10T13:20:40.256Z] [runtime-status] Ephemeral server survived. {}
[info] i  functions: Finished "angularUniversal" in ~1s
